# JRE version: OpenJDK Runtime Environment Temurin-17.0.3+7 (17.0.3+7) (build 17.0.3+7)
# Java VM: OpenJDK 64-Bit Server VM Temurin-17.0.3+7 (17.0.3+7, mixed mode, emulated-client, tiered, compressed oops, compressed class ptrs, g1 gc, windows-amd64)
GC Precious Log:
 CPUs: 8 total, 8 available
 Memory: 8040M
 Large Page Support: Disabled
 NUMA Support: Disabled
 Compressed Oops: Enabled (32-bit)
 Heap Region Size: 1M
 Heap Min Capacity: 8M
 Heap Initial Capacity: 126M
 Heap Max Capacity: 2012M
 Pre-touch: Disabled
 Parallel Workers: 8
 Concurrent Workers: 2
 Concurrent Refinement Workers: 8
 Periodic GC: Disabled
Heap:
 garbage-first heap   total 129024K, used 45044K [0x0000000082400000, 0x0000000100000000)
  region size 1024K, 3 young (3072K), 3 survivors (3072K)
 Metaspace       used 34302K, committed 34624K, reserved 1081344K
  class space    used 4452K, committed 4608K, reserved 1048576K
GC Heap History (20 events):
Event: 1.816 GC heap after
{Heap after GC invocations=7 (full 0):
 garbage-first heap   total 40960K, used 15330K [0x0000000082400000, 0x0000000100000000)
  region size 1024K, 3 young (3072K), 3 survivors (3072K)
 Metaspace       used 28973K, committed 29248K, reserved 1081344K
  class space    used 3636K, committed 3776K, reserved 1048576K
}
Event: 1.992 GC heap before
{Heap before GC invocations=7 (full 0):
 garbage-first heap   total 40960K, used 29666K [0x0000000082400000, 0x0000000100000000)
  region size 1024K, 17 young (17408K), 3 survivors (3072K)
 Metaspace       used 31601K, committed 31872K, reserved 1081344K
  class space    used 4001K, committed 4160K, reserved 1048576K
}
Event: 1.995 GC heap after
{Heap after GC invocations=8 (full 0):
 garbage-first heap   total 49152K, used 16771K [0x0000000082400000, 0x0000000100000000)
  region size 1024K, 2 young (2048K), 2 survivors (2048K)
 Metaspace       used 31601K, committed 31872K, reserved 1081344K
  class space    used 4001K, committed 4160K, reserved 1048576K
}
Event: 2.046 GC heap before
{Heap before GC invocations=8 (full 0):
 garbage-first heap   total 49152K, used 34179K [0x0000000082400000, 0x0000000100000000)
  region size 1024K, 20 young (20480K), 2 survivors (2048K)
 Metaspace       used 32053K, committed 32384K, reserved 1081344K
  class space    used 4055K, committed 4224K, reserved 1048576K
}
Event: 2.050 GC heap after
{Heap after GC invocations=9 (full 0):
 garbage-first heap   total 49152K, used 20766K [0x0000000082400000, 0x0000000100000000)
  region size 1024K, 3 young (3072K), 3 survivors (3072K)
 Metaspace       used 32053K, committed 32384K, reserved 1081344K
  class space    used 4055K, committed 4224K, reserved 1048576K
}
Event: 2.083 GC heap before
{Heap before GC invocations=9 (full 0):
 garbage-first heap   total 49152K, used 34078K [0x0000000082400000, 0x0000000100000000)
  region size 1024K, 17 young (17408K), 3 survivors (3072K)
 Metaspace       used 32198K, committed 32512K, reserved 1081344K
  class space    used 4077K, committed 4224K, reserved 1048576K
}
Event: 2.086 GC heap after
{Heap after GC invocations=10 (full 0):
 garbage-first heap   total 49152K, used 23517K [0x0000000082400000, 0x0000000100000000)
  region size 1024K, 3 young (3072K), 3 survivors (3072K)
 Metaspace       used 32198K, committed 32512K, reserved 1081344K
  class space    used 4077K, committed 4224K, reserved 1048576K
}
Event: 2.111 GC heap before
{Heap before GC invocations=10 (full 0):
 garbage-first heap   total 49152K, used 35805K [0x0000000082400000, 0x0000000100000000)
  region size 1024K, 16 young (16384K), 3 survivors (3072K)
 Metaspace       used 32326K, committed 32640K, reserved 1081344K
  class space    used 4096K, committed 4224K, reserved 1048576K
}
Event: 2.114 GC heap after
{Heap after GC invocations=11 (full 0):
 garbage-first heap   total 49152K, used 26726K [0x0000000082400000, 0x0000000100000000)
  region size 1024K, 2 young (2048K), 2 survivors (2048K)
 Metaspace       used 32326K, committed 32640K, reserved 1081344K
  class space    used 4096K, committed 4224K, reserved 1048576K
}
Event: 2.141 GC heap before
{Heap before GC invocations=11 (full 0):
 garbage-first heap   total 49152K, used 34918K [0x0000000082400000, 0x0000000100000000)
  region size 1024K, 11 young (11264K), 2 survivors (2048K)
 Metaspace       used 32504K, committed 32832K, reserved 1081344K
  class space    used 4124K, committed 4288K, reserved 1048576K
}
Event: 2.145 GC heap after
{Heap after GC invocations=12 (full 0):
 garbage-first heap   total 87040K, used 31366K [0x0000000082400000, 0x0000000100000000)
  region size 1024K, 2 young (2048K), 2 survivors (2048K)
 Metaspace       used 32504K, committed 32832K, reserved 1081344K
  class space    used 4124K, committed 4288K, reserved 1048576K
}
Event: 2.386 GC heap before
{Heap before GC invocations=13 (full 0):
 garbage-first heap   total 87040K, used 55942K [0x0000000082400000, 0x0000000100000000)
  region size 1024K, 26 young (26624K), 2 survivors (2048K)
 Metaspace       used 33973K, committed 34240K, reserved 1081344K
  class space    used 4420K, committed 4544K, reserved 1048576K
}
Event: 2.389 GC heap after
{Heap after GC invocations=14 (full 0):
 garbage-first heap   total 87040K, used 34758K [0x0000000082400000, 0x0000000100000000)
  region size 1024K, 4 young (4096K), 4 survivors (4096K)
 Metaspace       used 33973K, committed 34240K, reserved 1081344K
  class space    used 4420K, committed 4544K, reserved 1048576K
}
Event: 2.444 GC heap before
{Heap before GC invocations=14 (full 0):
 garbage-first heap   total 87040K, used 58310K [0x0000000082400000, 0x0000000100000000)
  region size 1024K, 28 young (28672K), 4 survivors (4096K)
 Metaspace       used 34078K, committed 34368K, reserved 1081344K
  class space    used 4430K, committed 4544K, reserved 1048576K
}
Event: 2.453 GC heap after
{Heap after GC invocations=15 (full 0):
 garbage-first heap   total 87040K, used 41903K [0x0000000082400000, 0x0000000100000000)
  region size 1024K, 4 young (4096K), 4 survivors (4096K)
 Metaspace       used 34078K, committed 34368K, reserved 1081344K
  class space    used 4430K, committed 4544K, reserved 1048576K
}
Event: 2.470 GC heap before
{Heap before GC invocations=15 (full 0):
 garbage-first heap   total 87040K, used 60335K [0x0000000082400000, 0x0000000100000000)
  region size 1024K, 23 young (23552K), 4 survivors (4096K)
 Metaspace       used 34302K, committed 34624K, reserved 1081344K
  class space    used 4452K, committed 4608K, reserved 1048576K
}
Event: 2.473 GC heap after
{Heap after GC invocations=16 (full 0):
 garbage-first heap   total 87040K, used 43334K [0x0000000082400000, 0x0000000100000000)
  region size 1024K, 2 young (2048K), 2 survivors (2048K)
 Metaspace       used 34302K, committed 34624K, reserved 1081344K
  class space    used 4452K, committed 4608K, reserved 1048576K
}
Event: 2.485 GC heap before
{Heap before GC invocations=16 (full 0):
 garbage-first heap   total 87040K, used 62790K [0x0000000082400000, 0x0000000100000000)
  region size 1024K, 22 young (22528K), 2 survivors (2048K)
 Metaspace       used 34302K, committed 34624K, reserved 1081344K
  class space    used 4452K, committed 4608K, reserved 1048576K
}
Event: 2.486 GC heap after
{Heap after GC invocations=17 (full 0):
 garbage-first heap   total 87040K, used 44091K [0x0000000082400000, 0x0000000100000000)
  region size 1024K, 3 young (3072K), 3 survivors (3072K)
 Metaspace       used 34302K, committed 34624K, reserved 1081344K
  class space    used 4452K, committed 4608K, reserved 1048576K
}
Event: 2.497 GC heap before
{Heap before GC invocations=17 (full 0):
 garbage-first heap   total 87040K, used 64571K [0x0000000082400000, 0x0000000100000000)
  region size 1024K, 24 young (24576K), 3 survivors (3072K)
 Metaspace       used 34302K, committed 34624K, reserved 1081344K
  class space    used 4452K, committed 4608K, reserved 1048576K
}

