# JRE version: OpenJDK Runtime Environment Temurin-17.0.3+7 (17.0.3+7) (build 17.0.3+7)
# Java VM: OpenJDK 64-Bit Server VM Temurin-17.0.3+7 (17.0.3+7, mixed mode, emulated-client, tiered, compressed oops, compressed class ptrs, g1 gc, windows-amd64)
GC Precious Log:
 CPUs: 8 total, 8 available
 Memory: 8040M
 Large Page Support: Disabled
 NUMA Support: Disabled
 Compressed Oops: Enabled (32-bit)
 Heap Region Size: 1M
 Heap Min Capacity: 8M
 Heap Initial Capacity: 126M
 Heap Max Capacity: 2012M
 Pre-touch: Disabled
 Parallel Workers: 8
 Concurrent Workers: 2
 Concurrent Refinement Workers: 8
 Periodic GC: Disabled
Heap:
 garbage-first heap   total 129024K, used 45906K [0x0000000082400000, 0x0000000100000000)
  region size 1024K, 2 young (2048K), 2 survivors (2048K)
 Metaspace       used 34358K, committed 34624K, reserved 1081344K
  class space    used 4455K, committed 4608K, reserved 1048576K
GC Heap History (20 events):
Event: 0.872 GC heap after
{Heap after GC invocations=3 (full 0):
 garbage-first heap   total 129024K, used 11323K [0x0000000082400000, 0x0000000100000000)
  region size 1024K, 3 young (3072K), 3 survivors (3072K)
 Metaspace       used 21294K, committed 21504K, reserved 1073152K
  class space    used 2587K, committed 2688K, reserved 1048576K
}
Event: 1.050 GC heap before
{Heap before GC invocations=4 (full 0):
 garbage-first heap   total 45056K, used 31803K [0x0000000082400000, 0x0000000100000000)
  region size 1024K, 24 young (24576K), 3 survivors (3072K)
 Metaspace       used 24232K, committed 24448K, reserved 1073152K
  class space    used 2963K, committed 3072K, reserved 1048576K
}
Event: 1.054 GC heap after
{Heap after GC invocations=5 (full 0):
 garbage-first heap   total 45056K, used 12526K [0x0000000082400000, 0x0000000100000000)
  region size 1024K, 5 young (5120K), 5 survivors (5120K)
 Metaspace       used 24232K, committed 24448K, reserved 1073152K
  class space    used 2963K, committed 3072K, reserved 1048576K
}
Event: 1.249 GC heap before
{Heap before GC invocations=5 (full 0):
 garbage-first heap   total 45056K, used 27886K [0x0000000082400000, 0x0000000100000000)
  region size 1024K, 21 young (21504K), 5 survivors (5120K)
 Metaspace       used 27099K, committed 27392K, reserved 1073152K
  class space    used 3384K, committed 3520K, reserved 1048576K
}
Event: 1.256 GC heap after
{Heap after GC invocations=6 (full 0):
 garbage-first heap   total 54272K, used 15085K [0x0000000082400000, 0x0000000100000000)
  region size 1024K, 3 young (3072K), 3 survivors (3072K)
 Metaspace       used 27099K, committed 27392K, reserved 1073152K
  class space    used 3384K, committed 3520K, reserved 1048576K
}
Event: 1.475 GC heap before
{Heap before GC invocations=6 (full 0):
 garbage-first heap   total 54272K, used 35565K [0x0000000082400000, 0x0000000100000000)
  region size 1024K, 23 young (23552K), 3 survivors (3072K)
 Metaspace       used 30779K, committed 31040K, reserved 1081344K
  class space    used 3874K, committed 3968K, reserved 1048576K
}
Event: 1.481 GC heap after
{Heap after GC invocations=7 (full 0):
 garbage-first heap   total 54272K, used 17531K [0x0000000082400000, 0x0000000100000000)
  region size 1024K, 3 young (3072K), 3 survivors (3072K)
 Metaspace       used 30779K, committed 31040K, reserved 1081344K
  class space    used 3874K, committed 3968K, reserved 1048576K
}
Event: 1.596 GC heap before
{Heap before GC invocations=7 (full 0):
 garbage-first heap   total 54272K, used 34939K [0x0000000082400000, 0x0000000100000000)
  region size 1024K, 21 young (21504K), 3 survivors (3072K)
 Metaspace       used 32032K, committed 32384K, reserved 1081344K
  class space    used 4055K, committed 4224K, reserved 1048576K
}
Event: 1.600 GC heap after
{Heap after GC invocations=8 (full 0):
 garbage-first heap   total 54272K, used 20520K [0x0000000082400000, 0x0000000100000000)
  region size 1024K, 3 young (3072K), 3 survivors (3072K)
 Metaspace       used 32032K, committed 32384K, reserved 1081344K
  class space    used 4055K, committed 4224K, reserved 1048576K
}
Event: 1.636 GC heap before
{Heap before GC invocations=8 (full 0):
 garbage-first heap   total 54272K, used 36904K [0x0000000082400000, 0x0000000100000000)
  region size 1024K, 20 young (20480K), 3 survivors (3072K)
 Metaspace       used 32180K, committed 32512K, reserved 1081344K
  class space    used 4076K, committed 4224K, reserved 1048576K
}
Event: 1.639 GC heap after
{Heap after GC invocations=9 (full 0):
 garbage-first heap   total 54272K, used 23867K [0x0000000082400000, 0x0000000100000000)
  region size 1024K, 3 young (3072K), 3 survivors (3072K)
 Metaspace       used 32180K, committed 32512K, reserved 1081344K
  class space    used 4076K, committed 4224K, reserved 1048576K
}
Event: 1.665 GC heap before
{Heap before GC invocations=9 (full 0):
 garbage-first heap   total 54272K, used 37179K [0x0000000082400000, 0x0000000100000000)
  region size 1024K, 17 young (17408K), 3 survivors (3072K)
 Metaspace       used 32306K, committed 32576K, reserved 1081344K
  class space    used 4096K, committed 4224K, reserved 1048576K
}
Event: 1.668 GC heap after
{Heap after GC invocations=10 (full 0):
 garbage-first heap   total 77824K, used 27041K [0x0000000082400000, 0x0000000100000000)
  region size 1024K, 3 young (3072K), 3 survivors (3072K)
 Metaspace       used 32306K, committed 32576K, reserved 1081344K
  class space    used 4096K, committed 4224K, reserved 1048576K
}
Event: 1.847 GC heap before
{Heap before GC invocations=10 (full 0):
 garbage-first heap   total 77824K, used 54689K [0x0000000082400000, 0x0000000100000000)
  region size 1024K, 30 young (30720K), 3 survivors (3072K)
 Metaspace       used 34027K, committed 34304K, reserved 1081344K
  class space    used 4422K, committed 4544K, reserved 1048576K
}
Event: 1.852 GC heap after
{Heap after GC invocations=11 (full 0):
 garbage-first heap   total 77824K, used 33327K [0x0000000082400000, 0x0000000100000000)
  region size 1024K, 4 young (4096K), 4 survivors (4096K)
 Metaspace       used 34027K, committed 34304K, reserved 1081344K
  class space    used 4422K, committed 4544K, reserved 1048576K
}
Event: 1.929 GC heap before
{Heap before GC invocations=11 (full 0):
 garbage-first heap   total 77824K, used 54831K [0x0000000082400000, 0x0000000100000000)
  region size 1024K, 26 young (26624K), 4 survivors (4096K)
 Metaspace       used 34119K, committed 34368K, reserved 1081344K
  class space    used 4433K, committed 4544K, reserved 1048576K
}
Event: 1.941 GC heap after
{Heap after GC invocations=12 (full 0):
 garbage-first heap   total 77824K, used 43177K [0x0000000082400000, 0x0000000100000000)
  region size 1024K, 4 young (4096K), 4 survivors (4096K)
 Metaspace       used 34119K, committed 34368K, reserved 1081344K
  class space    used 4433K, committed 4544K, reserved 1048576K
}
Event: 1.964 GC heap before
{Heap before GC invocations=12 (full 0):
 garbage-first heap   total 77824K, used 55465K [0x0000000082400000, 0x0000000100000000)
  region size 1024K, 17 young (17408K), 4 survivors (4096K)
 Metaspace       used 34248K, committed 34560K, reserved 1081344K
  class space    used 4448K, committed 4608K, reserved 1048576K
}
Event: 1.966 GC heap after
{Heap after GC invocations=13 (full 0):
 garbage-first heap   total 77824K, used 45416K [0x0000000082400000, 0x0000000100000000)
  region size 1024K, 2 young (2048K), 2 survivors (2048K)
 Metaspace       used 34248K, committed 34560K, reserved 1081344K
  class space    used 4448K, committed 4608K, reserved 1048576K
}
Event: 1.976 GC heap before
{Heap before GC invocations=13 (full 0):
 garbage-first heap   total 77824K, used 57704K [0x0000000082400000, 0x0000000100000000)
  region size 1024K, 16 young (16384K), 2 survivors (2048K)
 Metaspace       used 34358K, committed 34624K, reserved 1081344K
  class space    used 4455K, committed 4608K, reserved 1048576K
}

