# JRE version: OpenJDK Runtime Environment Temurin-17.0.3+7 (17.0.3+7) (build 17.0.3+7)
# Java VM: OpenJDK 64-Bit Server VM Temurin-17.0.3+7 (17.0.3+7, mixed mode, emulated-client, tiered, compressed oops, compressed class ptrs, g1 gc, windows-amd64)
GC Precious Log:
 CPUs: 8 total, 8 available
 Memory: 8040M
 Large Page Support: Disabled
 NUMA Support: Disabled
 Compressed Oops: Enabled (32-bit)
 Heap Region Size: 1M
 Heap Min Capacity: 8M
 Heap Initial Capacity: 126M
 Heap Max Capacity: 2012M
 Pre-touch: Disabled
 Parallel Workers: 8
 Concurrent Workers: 2
 Concurrent Refinement Workers: 8
 Periodic GC: Disabled
Heap:
 garbage-first heap   total 129024K, used 45515K [0x0000000082400000, 0x0000000100000000)
  region size 1024K, 3 young (3072K), 3 survivors (3072K)
 Metaspace       used 34360K, committed 34624K, reserved 1081344K
  class space    used 4457K, committed 4608K, reserved 1048576K
GC Heap History (20 events):
Event: 0.846 GC heap after
{Heap after GC invocations=3 (full 0):
 garbage-first heap   total 129024K, used 11001K [0x0000000082400000, 0x0000000100000000)
  region size 1024K, 3 young (3072K), 3 survivors (3072K)
 Metaspace       used 21300K, committed 21504K, reserved 1073152K
  class space    used 2593K, committed 2688K, reserved 1048576K
}
Event: 1.012 GC heap before
{Heap before GC invocations=4 (full 0):
 garbage-first heap   total 40960K, used 29433K [0x0000000082400000, 0x0000000100000000)
  region size 1024K, 22 young (22528K), 3 survivors (3072K)
 Metaspace       used 23965K, committed 24256K, reserved 1073152K
  class space    used 2932K, committed 3072K, reserved 1048576K
}
Event: 1.016 GC heap after
{Heap after GC invocations=5 (full 0):
 garbage-first heap   total 40960K, used 12386K [0x0000000082400000, 0x0000000100000000)
  region size 1024K, 5 young (5120K), 5 survivors (5120K)
 Metaspace       used 23965K, committed 24256K, reserved 1073152K
  class space    used 2932K, committed 3072K, reserved 1048576K
}
Event: 1.026 GC heap before
{Heap before GC invocations=5 (full 0):
 garbage-first heap   total 40960K, used 13410K [0x0000000082400000, 0x0000000100000000)
  region size 1024K, 6 young (6144K), 5 survivors (5120K)
 Metaspace       used 24065K, committed 24320K, reserved 1073152K
  class space    used 2940K, committed 3072K, reserved 1048576K
}
Event: 1.031 GC heap after
{Heap after GC invocations=6 (full 0):
 garbage-first heap   total 49152K, used 12640K [0x0000000082400000, 0x0000000100000000)
  region size 1024K, 1 young (1024K), 1 survivors (1024K)
 Metaspace       used 24065K, committed 24320K, reserved 1073152K
  class space    used 2940K, committed 3072K, reserved 1048576K
}
Event: 1.249 GC heap before
{Heap before GC invocations=6 (full 0):
 garbage-first heap   total 49152K, used 31072K [0x0000000082400000, 0x0000000100000000)
  region size 1024K, 20 young (20480K), 1 survivors (1024K)
 Metaspace       used 27102K, committed 27392K, reserved 1073152K
  class space    used 3387K, committed 3520K, reserved 1048576K
}
Event: 1.254 GC heap after
{Heap after GC invocations=7 (full 0):
 garbage-first heap   total 49152K, used 16715K [0x0000000082400000, 0x0000000100000000)
  region size 1024K, 3 young (3072K), 3 survivors (3072K)
 Metaspace       used 27102K, committed 27392K, reserved 1073152K
  class space    used 3387K, committed 3520K, reserved 1048576K
}
Event: 1.443 GC heap before
{Heap before GC invocations=7 (full 0):
 garbage-first heap   total 49152K, used 33099K [0x0000000082400000, 0x0000000100000000)
  region size 1024K, 19 young (19456K), 3 survivors (3072K)
 Metaspace       used 30372K, committed 30592K, reserved 1081344K
  class space    used 3822K, committed 3904K, reserved 1048576K
}
Event: 1.446 GC heap after
{Heap after GC invocations=8 (full 0):
 garbage-first heap   total 49152K, used 17313K [0x0000000082400000, 0x0000000100000000)
  region size 1024K, 2 young (2048K), 2 survivors (2048K)
 Metaspace       used 30372K, committed 30592K, reserved 1081344K
  class space    used 3822K, committed 3904K, reserved 1048576K
}
Event: 1.559 GC heap before
{Heap before GC invocations=8 (full 0):
 garbage-first heap   total 49152K, used 32673K [0x0000000082400000, 0x0000000100000000)
  region size 1024K, 18 young (18432K), 2 survivors (2048K)
 Metaspace       used 31983K, committed 32320K, reserved 1081344K
  class space    used 4050K, committed 4224K, reserved 1048576K
}
Event: 1.561 GC heap after
{Heap after GC invocations=9 (full 0):
 garbage-first heap   total 49152K, used 19720K [0x0000000082400000, 0x0000000100000000)
  region size 1024K, 3 young (3072K), 3 survivors (3072K)
 Metaspace       used 31983K, committed 32320K, reserved 1081344K
  class space    used 4050K, committed 4224K, reserved 1048576K
}
Event: 1.595 GC heap before
{Heap before GC invocations=9 (full 0):
 garbage-first heap   total 49152K, used 34056K [0x0000000082400000, 0x0000000100000000)
  region size 1024K, 18 young (18432K), 3 survivors (3072K)
 Metaspace       used 32162K, committed 32448K, reserved 1081344K
  class space    used 4075K, committed 4224K, reserved 1048576K
}
Event: 1.599 GC heap after
{Heap after GC invocations=10 (full 0):
 garbage-first heap   total 98304K, used 22955K [0x0000000082400000, 0x0000000100000000)
  region size 1024K, 3 young (3072K), 3 survivors (3072K)
 Metaspace       used 32162K, committed 32448K, reserved 1081344K
  class space    used 4075K, committed 4224K, reserved 1048576K
}
Event: 1.771 GC heap before
{Heap before GC invocations=10 (full 0):
 garbage-first heap   total 98304K, used 66987K [0x0000000082400000, 0x0000000100000000)
  region size 1024K, 47 young (48128K), 3 survivors (3072K)
 Metaspace       used 34029K, committed 34304K, reserved 1081344K
  class space    used 4424K, committed 4544K, reserved 1048576K
}
Event: 1.778 GC heap after
{Heap after GC invocations=11 (full 0):
 garbage-first heap   total 98304K, used 33086K [0x0000000082400000, 0x0000000100000000)
  region size 1024K, 6 young (6144K), 6 survivors (6144K)
 Metaspace       used 34029K, committed 34304K, reserved 1081344K
  class space    used 4424K, committed 4544K, reserved 1048576K
}
Event: 1.923 GC heap before
{Heap before GC invocations=11 (full 0):
 garbage-first heap   total 98304K, used 63806K [0x0000000082400000, 0x0000000100000000)
  region size 1024K, 37 young (37888K), 6 survivors (6144K)
 Metaspace       used 34122K, committed 34368K, reserved 1081344K
  class space    used 4435K, committed 4544K, reserved 1048576K
}
Event: 1.934 GC heap after
{Heap after GC invocations=12 (full 0):
 garbage-first heap   total 98304K, used 41955K [0x0000000082400000, 0x0000000100000000)
  region size 1024K, 5 young (5120K), 5 survivors (5120K)
 Metaspace       used 34122K, committed 34368K, reserved 1081344K
  class space    used 4435K, committed 4544K, reserved 1048576K
}
Event: 1.957 GC heap before
{Heap before GC invocations=12 (full 0):
 garbage-first heap   total 98304K, used 67555K [0x0000000082400000, 0x0000000100000000)
  region size 1024K, 31 young (31744K), 5 survivors (5120K)
 Metaspace       used 34360K, committed 34624K, reserved 1081344K
  class space    used 4457K, committed 4608K, reserved 1048576K
}
Event: 1.960 GC heap after
{Heap after GC invocations=13 (full 0):
 garbage-first heap   total 98304K, used 44489K [0x0000000082400000, 0x0000000100000000)
  region size 1024K, 2 young (2048K), 2 survivors (2048K)
 Metaspace       used 34360K, committed 34624K, reserved 1081344K
  class space    used 4457K, committed 4608K, reserved 1048576K
}
Event: 1.974 GC heap before
{Heap before GC invocations=13 (full 0):
 garbage-first heap   total 98304K, used 70089K [0x0000000082400000, 0x0000000100000000)
  region size 1024K, 28 young (28672K), 2 survivors (2048K)
 Metaspace       used 34360K, committed 34624K, reserved 1081344K
  class space    used 4457K, committed 4608K, reserved 1048576K
}

