# JRE version: OpenJDK Runtime Environment Temurin-17.0.3+7 (17.0.3+7) (build 17.0.3+7)
# Java VM: OpenJDK 64-Bit Server VM Temurin-17.0.3+7 (17.0.3+7, mixed mode, emulated-client, tiered, compressed oops, compressed class ptrs, g1 gc, windows-amd64)
GC Precious Log:
 CPUs: 8 total, 8 available
 Memory: 8040M
 Large Page Support: Disabled
 NUMA Support: Disabled
 Compressed Oops: Enabled (32-bit)
 Heap Region Size: 1M
 Heap Min Capacity: 8M
 Heap Initial Capacity: 126M
 Heap Max Capacity: 2012M
 Pre-touch: Disabled
 Parallel Workers: 8
 Concurrent Workers: 2
 Concurrent Refinement Workers: 8
 Periodic GC: Disabled
Heap:
 garbage-first heap   total 122880K, used 36324K [0x0000000082400000, 0x0000000100000000)
  region size 1024K, 1 young (1024K), 0 survivors (0K)
 Metaspace       used 52070K, committed 52480K, reserved 1097728K
  class space    used 6845K, committed 7040K, reserved 1048576K
GC Heap History (20 events):
Event: 10210.408 GC heap before
{Heap before GC invocations=589 (full 418):
 garbage-first heap   total 122880K, used 36324K [0x0000000082400000, 0x0000000100000000)
  region size 1024K, 1 young (1024K), 0 survivors (0K)
 Metaspace       used 52070K, committed 52480K, reserved 1097728K
  class space    used 6845K, committed 7040K, reserved 1048576K
}
Event: 10210.460 GC heap after
{Heap after GC invocations=590 (full 419):
 garbage-first heap   total 122880K, used 36324K [0x0000000082400000, 0x0000000100000000)
  region size 1024K, 0 young (0K), 0 survivors (0K)
 Metaspace       used 52070K, committed 52480K, reserved 1097728K
  class space    used 6845K, committed 7040K, reserved 1048576K
}
Event: 10220.563 GC heap before
{Heap before GC invocations=590 (full 419):
 garbage-first heap   total 122880K, used 36324K [0x0000000082400000, 0x0000000100000000)
  region size 1024K, 1 young (1024K), 0 survivors (0K)
 Metaspace       used 52070K, committed 52480K, reserved 1097728K
  class space    used 6845K, committed 7040K, reserved 1048576K
}
Event: 10220.619 GC heap after
{Heap after GC invocations=591 (full 420):
 garbage-first heap   total 122880K, used 36324K [0x0000000082400000, 0x0000000100000000)
  region size 1024K, 0 young (0K), 0 survivors (0K)
 Metaspace       used 52070K, committed 52480K, reserved 1097728K
  class space    used 6845K, committed 7040K, reserved 1048576K
}
Event: 10230.731 GC heap before
{Heap before GC invocations=591 (full 420):
 garbage-first heap   total 122880K, used 36324K [0x0000000082400000, 0x0000000100000000)
  region size 1024K, 1 young (1024K), 0 survivors (0K)
 Metaspace       used 52070K, committed 52480K, reserved 1097728K
  class space    used 6845K, committed 7040K, reserved 1048576K
}
Event: 10230.781 GC heap after
{Heap after GC invocations=592 (full 421):
 garbage-first heap   total 122880K, used 36324K [0x0000000082400000, 0x0000000100000000)
  region size 1024K, 0 young (0K), 0 survivors (0K)
 Metaspace       used 52070K, committed 52480K, reserved 1097728K
  class space    used 6845K, committed 7040K, reserved 1048576K
}
Event: 10240.911 GC heap before
{Heap before GC invocations=592 (full 421):
 garbage-first heap   total 122880K, used 36324K [0x0000000082400000, 0x0000000100000000)
  region size 1024K, 1 young (1024K), 0 survivors (0K)
 Metaspace       used 52070K, committed 52480K, reserved 1097728K
  class space    used 6845K, committed 7040K, reserved 1048576K
}
Event: 10240.959 GC heap after
{Heap after GC invocations=593 (full 422):
 garbage-first heap   total 122880K, used 36324K [0x0000000082400000, 0x0000000100000000)
  region size 1024K, 0 young (0K), 0 survivors (0K)
 Metaspace       used 52070K, committed 52480K, reserved 1097728K
  class space    used 6845K, committed 7040K, reserved 1048576K
}
Event: 10251.071 GC heap before
{Heap before GC invocations=593 (full 422):
 garbage-first heap   total 122880K, used 36324K [0x0000000082400000, 0x0000000100000000)
  region size 1024K, 1 young (1024K), 0 survivors (0K)
 Metaspace       used 52070K, committed 52480K, reserved 1097728K
  class space    used 6845K, committed 7040K, reserved 1048576K
}
Event: 10251.127 GC heap after
{Heap after GC invocations=594 (full 423):
 garbage-first heap   total 122880K, used 36324K [0x0000000082400000, 0x0000000100000000)
  region size 1024K, 0 young (0K), 0 survivors (0K)
 Metaspace       used 52070K, committed 52480K, reserved 1097728K
  class space    used 6845K, committed 7040K, reserved 1048576K
}
Event: 10261.255 GC heap before
{Heap before GC invocations=594 (full 423):
 garbage-first heap   total 122880K, used 36324K [0x0000000082400000, 0x0000000100000000)
  region size 1024K, 1 young (1024K), 0 survivors (0K)
 Metaspace       used 52070K, committed 52480K, reserved 1097728K
  class space    used 6845K, committed 7040K, reserved 1048576K
}
Event: 10261.318 GC heap after
{Heap after GC invocations=595 (full 424):
 garbage-first heap   total 122880K, used 36324K [0x0000000082400000, 0x0000000100000000)
  region size 1024K, 0 young (0K), 0 survivors (0K)
 Metaspace       used 52070K, committed 52480K, reserved 1097728K
  class space    used 6845K, committed 7040K, reserved 1048576K
}
Event: 10271.435 GC heap before
{Heap before GC invocations=595 (full 424):
 garbage-first heap   total 122880K, used 36324K [0x0000000082400000, 0x0000000100000000)
  region size 1024K, 1 young (1024K), 0 survivors (0K)
 Metaspace       used 52070K, committed 52480K, reserved 1097728K
  class space    used 6845K, committed 7040K, reserved 1048576K
}
Event: 10271.475 GC heap after
{Heap after GC invocations=596 (full 425):
 garbage-first heap   total 122880K, used 36324K [0x0000000082400000, 0x0000000100000000)
  region size 1024K, 0 young (0K), 0 survivors (0K)
 Metaspace       used 52070K, committed 52480K, reserved 1097728K
  class space    used 6845K, committed 7040K, reserved 1048576K
}
Event: 10281.588 GC heap before
{Heap before GC invocations=596 (full 425):
 garbage-first heap   total 122880K, used 36324K [0x0000000082400000, 0x0000000100000000)
  region size 1024K, 1 young (1024K), 0 survivors (0K)
 Metaspace       used 52070K, committed 52480K, reserved 1097728K
  class space    used 6845K, committed 7040K, reserved 1048576K
}
Event: 10281.642 GC heap after
{Heap after GC invocations=597 (full 426):
 garbage-first heap   total 122880K, used 36324K [0x0000000082400000, 0x0000000100000000)
  region size 1024K, 0 young (0K), 0 survivors (0K)
 Metaspace       used 52070K, committed 52480K, reserved 1097728K
  class space    used 6845K, committed 7040K, reserved 1048576K
}
Event: 10291.761 GC heap before
{Heap before GC invocations=597 (full 426):
 garbage-first heap   total 122880K, used 36324K [0x0000000082400000, 0x0000000100000000)
  region size 1024K, 1 young (1024K), 0 survivors (0K)
 Metaspace       used 52070K, committed 52480K, reserved 1097728K
  class space    used 6845K, committed 7040K, reserved 1048576K
}
Event: 10291.808 GC heap after
{Heap after GC invocations=598 (full 427):
 garbage-first heap   total 122880K, used 36324K [0x0000000082400000, 0x0000000100000000)
  region size 1024K, 0 young (0K), 0 survivors (0K)
 Metaspace       used 52070K, committed 52480K, reserved 1097728K
  class space    used 6845K, committed 7040K, reserved 1048576K
}
Event: 10301.910 GC heap before
{Heap before GC invocations=598 (full 427):
 garbage-first heap   total 122880K, used 36324K [0x0000000082400000, 0x0000000100000000)
  region size 1024K, 1 young (1024K), 0 survivors (0K)
 Metaspace       used 52070K, committed 52480K, reserved 1097728K
  class space    used 6845K, committed 7040K, reserved 1048576K
}
Event: 10301.960 GC heap after
{Heap after GC invocations=599 (full 428):
 garbage-first heap   total 122880K, used 36324K [0x0000000082400000, 0x0000000100000000)
  region size 1024K, 0 young (0K), 0 survivors (0K)
 Metaspace       used 52070K, committed 52480K, reserved 1097728K
  class space    used 6845K, committed 7040K, reserved 1048576K
}

