# JRE version: OpenJDK Runtime Environment Temurin-17.0.3+7 (17.0.3+7) (build 17.0.3+7)
# Java VM: OpenJDK 64-Bit Server VM Temurin-17.0.3+7 (17.0.3+7, mixed mode, emulated-client, tiered, compressed oops, compressed class ptrs, g1 gc, windows-amd64)
GC Precious Log:
 CPUs: 8 total, 8 available
 Memory: 8040M
 Large Page Support: Disabled
 NUMA Support: Disabled
 Compressed Oops: Enabled (32-bit)
 Heap Region Size: 1M
 Heap Min Capacity: 8M
 Heap Initial Capacity: 126M
 Heap Max Capacity: 2012M
 Pre-touch: Disabled
 Parallel Workers: 8
 Concurrent Workers: 2
 Concurrent Refinement Workers: 8
 Periodic GC: Disabled
Heap:
 garbage-first heap   total 129024K, used 45186K [0x0000000082400000, 0x0000000100000000)
  region size 1024K, 3 young (3072K), 3 survivors (3072K)
 Metaspace       used 34357K, committed 34624K, reserved 1081344K
  class space    used 4454K, committed 4608K, reserved 1048576K
GC Heap History (20 events):
Event: 0.878 GC heap after
{Heap after GC invocations=3 (full 0):
 garbage-first heap   total 129024K, used 11192K [0x0000000082400000, 0x0000000100000000)
  region size 1024K, 3 young (3072K), 3 survivors (3072K)
 Metaspace       used 21298K, committed 21504K, reserved 1073152K
  class space    used 2591K, committed 2688K, reserved 1048576K
}
Event: 1.050 GC heap before
{Heap before GC invocations=4 (full 0):
 garbage-first heap   total 40960K, used 29624K [0x0000000082400000, 0x0000000100000000)
  region size 1024K, 22 young (22528K), 3 survivors (3072K)
 Metaspace       used 24053K, committed 24320K, reserved 1073152K
  class space    used 2937K, committed 3072K, reserved 1048576K
}
Event: 1.054 GC heap after
{Heap after GC invocations=5 (full 0):
 garbage-first heap   total 40960K, used 12617K [0x0000000082400000, 0x0000000100000000)
  region size 1024K, 5 young (5120K), 5 survivors (5120K)
 Metaspace       used 24053K, committed 24320K, reserved 1073152K
  class space    used 2937K, committed 3072K, reserved 1048576K
}
Event: 1.069 GC heap before
{Heap before GC invocations=5 (full 0):
 garbage-first heap   total 40960K, used 13641K [0x0000000082400000, 0x0000000100000000)
  region size 1024K, 6 young (6144K), 5 survivors (5120K)
 Metaspace       used 24181K, committed 24448K, reserved 1073152K
  class space    used 2956K, committed 3072K, reserved 1048576K
}
Event: 1.074 GC heap after
{Heap after GC invocations=6 (full 0):
 garbage-first heap   total 49152K, used 12796K [0x0000000082400000, 0x0000000100000000)
  region size 1024K, 1 young (1024K), 1 survivors (1024K)
 Metaspace       used 24181K, committed 24448K, reserved 1073152K
  class space    used 2956K, committed 3072K, reserved 1048576K
}
Event: 1.312 GC heap before
{Heap before GC invocations=6 (full 0):
 garbage-first heap   total 49152K, used 31228K [0x0000000082400000, 0x0000000100000000)
  region size 1024K, 20 young (20480K), 1 survivors (1024K)
 Metaspace       used 27256K, committed 27520K, reserved 1073152K
  class space    used 3405K, committed 3520K, reserved 1048576K
}
Event: 1.316 GC heap after
{Heap after GC invocations=7 (full 0):
 garbage-first heap   total 49152K, used 14292K [0x0000000082400000, 0x0000000100000000)
  region size 1024K, 3 young (3072K), 3 survivors (3072K)
 Metaspace       used 27256K, committed 27520K, reserved 1073152K
  class space    used 3405K, committed 3520K, reserved 1048576K
}
Event: 1.516 GC heap before
{Heap before GC invocations=7 (full 0):
 garbage-first heap   total 49152K, used 31700K [0x0000000082400000, 0x0000000100000000)
  region size 1024K, 21 young (21504K), 3 survivors (3072K)
 Metaspace       used 30953K, committed 31296K, reserved 1081344K
  class space    used 3900K, committed 4032K, reserved 1048576K
}
Event: 1.522 GC heap after
{Heap after GC invocations=8 (full 0):
 garbage-first heap   total 49152K, used 16126K [0x0000000082400000, 0x0000000100000000)
  region size 1024K, 2 young (2048K), 2 survivors (2048K)
 Metaspace       used 30953K, committed 31296K, reserved 1081344K
  class space    used 3900K, committed 4032K, reserved 1048576K
}
Event: 1.626 GC heap before
{Heap before GC invocations=8 (full 0):
 garbage-first heap   total 49152K, used 33534K [0x0000000082400000, 0x0000000100000000)
  region size 1024K, 20 young (20480K), 2 survivors (2048K)
 Metaspace       used 32054K, committed 32384K, reserved 1081344K
  class space    used 4056K, committed 4224K, reserved 1048576K
}
Event: 1.630 GC heap after
{Heap after GC invocations=9 (full 0):
 garbage-first heap   total 49152K, used 19260K [0x0000000082400000, 0x0000000100000000)
  region size 1024K, 3 young (3072K), 3 survivors (3072K)
 Metaspace       used 32054K, committed 32384K, reserved 1081344K
  class space    used 4056K, committed 4224K, reserved 1048576K
}
Event: 1.663 GC heap before
{Heap before GC invocations=9 (full 0):
 garbage-first heap   total 49152K, used 35644K [0x0000000082400000, 0x0000000100000000)
  region size 1024K, 19 young (19456K), 3 survivors (3072K)
 Metaspace       used 32199K, committed 32512K, reserved 1081344K
  class space    used 4078K, committed 4224K, reserved 1048576K
}
Event: 1.666 GC heap after
{Heap after GC invocations=10 (full 0):
 garbage-first heap   total 94208K, used 22528K [0x0000000082400000, 0x0000000100000000)
  region size 1024K, 3 young (3072K), 3 survivors (3072K)
 Metaspace       used 32199K, committed 32512K, reserved 1081344K
  class space    used 4078K, committed 4224K, reserved 1048576K
}
Event: 1.885 GC heap before
{Heap before GC invocations=10 (full 0):
 garbage-first heap   total 94208K, used 64512K [0x0000000082400000, 0x0000000100000000)
  region size 1024K, 45 young (46080K), 3 survivors (3072K)
 Metaspace       used 34027K, committed 34304K, reserved 1081344K
  class space    used 4421K, committed 4544K, reserved 1048576K
}
Event: 1.892 GC heap after
{Heap after GC invocations=11 (full 0):
 garbage-first heap   total 94208K, used 31368K [0x0000000082400000, 0x0000000100000000)
  region size 1024K, 6 young (6144K), 6 survivors (6144K)
 Metaspace       used 34027K, committed 34304K, reserved 1081344K
  class space    used 4421K, committed 4544K, reserved 1048576K
}
Event: 1.976 GC heap before
{Heap before GC invocations=11 (full 0):
 garbage-first heap   total 94208K, used 59016K [0x0000000082400000, 0x0000000100000000)
  region size 1024K, 34 young (34816K), 6 survivors (6144K)
 Metaspace       used 34119K, committed 34368K, reserved 1081344K
  class space    used 4432K, committed 4544K, reserved 1048576K
}
Event: 1.986 GC heap after
{Heap after GC invocations=12 (full 0):
 garbage-first heap   total 94208K, used 41678K [0x0000000082400000, 0x0000000100000000)
  region size 1024K, 5 young (5120K), 5 survivors (5120K)
 Metaspace       used 34119K, committed 34368K, reserved 1081344K
  class space    used 4432K, committed 4544K, reserved 1048576K
}
Event: 2.004 GC heap before
{Heap before GC invocations=12 (full 0):
 garbage-first heap   total 94208K, used 64206K [0x0000000082400000, 0x0000000100000000)
  region size 1024K, 28 young (28672K), 5 survivors (5120K)
 Metaspace       used 34357K, committed 34624K, reserved 1081344K
  class space    used 4454K, committed 4608K, reserved 1048576K
}
Event: 2.007 GC heap after
{Heap after GC invocations=13 (full 0):
 garbage-first heap   total 94208K, used 44280K [0x0000000082400000, 0x0000000100000000)
  region size 1024K, 2 young (2048K), 2 survivors (2048K)
 Metaspace       used 34357K, committed 34624K, reserved 1081344K
  class space    used 4454K, committed 4608K, reserved 1048576K
}
Event: 2.018 GC heap before
{Heap before GC invocations=13 (full 0):
 garbage-first heap   total 94208K, used 67832K [0x0000000082400000, 0x0000000100000000)
  region size 1024K, 26 young (26624K), 2 survivors (2048K)
 Metaspace       used 34357K, committed 34624K, reserved 1081344K
  class space    used 4454K, committed 4608K, reserved 1048576K
}

